Arguments: 
  C:\Program Files\nodejs\node.exe E:\WebTools\Yarn\bin\yarn.js add koa-opt

PATH: 
  C:\Python27\;E:\ProgramData\Miniconda3;E:\ProgramData\Miniconda3\Library\mingw-w64\bin;E:\ProgramData\Miniconda3\Library\usr\bin;E:\ProgramData\Miniconda3\Library\bin;E:\ProgramData\Miniconda3\Scripts;E:\JDK_11.0.1\bin\;C:\Program Files (x86)\Common Files\Oracle\Java\javapath;C:\Python\Scripts\;C:\Python\;C:\Windows\system32;C:\Windows;C:\Windows\System32\Wbem;C:\Windows\System32\WindowsPowerShell\v1.0\;C:\Windows\System32\OpenSSH\;E:\Program Files\runtime\win64;E:\Program Files\bin;E:\Program Files\polyspace\bin;C:\Program Files\NVIDIA Corporation\NVIDIA NvDLISR;C:\Program Files (x86)\NVIDIA Corporation\PhysX\Common;E:\WebTools\Git\cmd;C:\WINDOWS\system32;C:\WINDOWS;C:\WINDOWS\System32\Wbem;C:\WINDOWS\System32\WindowsPowerShell\v1.0\;C:\WINDOWS\System32\OpenSSH\;E:\WebTools\Yarn\bin\;C:\Users\HASEE\.windows-build-tools\;E:\WebTools\nvm;C:\Program Files\nodejs;C:\Users\HASEE\AppData\Local\Microsoft\WindowsApps;E:\WebTools\MongoDB\bin;E:\WebTools\WebStorm 2018.3\bin;C:\Users\HASEE\AppData\Local\Programs\Microsoft VS Code\bin;C:\Users\HASEE\AppData\Local\Yarn\bin;C:\Users\HASEE\AppData\Roaming\npm;E:\WebTools\nvm;C:\Program Files\nodejs;E:\WebTools\nvm;C:\Program Files\nodejs;E:\cmdline-tools;E:\platform-tools;C:\Users\HASEE\AppData\Local\Android\Sdk\emulator;C:\Python27\;C:\Users\HASEE\AppData\Local\Microsoft\WindowsApps;E:\WebTools\MongoDB\bin;E:\WebTools\WebStorm 2018.3\bin;C:\Users\HASEE\AppData\Local\Programs\Microsoft VS Code\bin;C:\Users\HASEE\AppData\Local\Yarn\bin;C:\Users\HASEE\AppData\Roaming\npm;E:\WebTools\nvm;C:\Program Files\nodejs;E:\cmdline-tools;C:\Users\HASEE\AppData\Local\Android\Sdk\emulator;E:\flutter_windows_1.22.4-stable\flutter\bin;

Yarn version: 
  1.19.1

Node version: 
  12.13.0

Platform: 
  win32 x64

Trace: 
  Error: https://registry.npm.taobao.org/koa-opt: Not found
      at Request.params.callback [as _callback] (E:\WebTools\Yarn\lib\cli.js:66035:18)
      at Request.self.callback (E:\WebTools\Yarn\lib\cli.js:140564:22)
      at Request.emit (events.js:210:5)
      at Request.<anonymous> (E:\WebTools\Yarn\lib\cli.js:141536:10)
      at Request.emit (events.js:210:5)
      at IncomingMessage.<anonymous> (E:\WebTools\Yarn\lib\cli.js:141458:12)
      at Object.onceWrapper (events.js:299:28)
      at IncomingMessage.emit (events.js:215:7)
      at endReadableNT (_stream_readable.js:1183:12)
      at processTicksAndRejections (internal/process/task_queues.js:80:21)

npm manifest: 
  {
    "dependencies": {
      "koa-conditional-get": "^3.0.0",
      "koa-etag": "^4.0.0",
      "notp": "^2.0.3"
    }
  }

yarn manifest: 
  No manifest

Lockfile: 
  # THIS IS AN AUTOGENERATED FILE. DO NOT EDIT THIS FILE DIRECTLY.
  # yarn lockfile v1
  
  
  etag@^1.8.1:
    version "1.8.1"
    resolved "https://registry.npm.taobao.org/etag/download/etag-1.8.1.tgz#41ae2eeb65efa62268aebfea83ac7d79299b0887"
    integrity sha1-Qa4u62XvpiJorr/qg6x9eSmbCIc=
  
  koa-conditional-get@^3.0.0:
    version "3.0.0"
    resolved "https://registry.npm.taobao.org/koa-conditional-get/download/koa-conditional-get-3.0.0.tgz#552cb64a217dfb907e90b7c34f42009e441c4b8e"
    integrity sha1-VSy2SiF9+5B+kLfDT0IAnkQcS44=
  
  koa-etag@^4.0.0:
    version "4.0.0"
    resolved "https://registry.npm.taobao.org/koa-etag/download/koa-etag-4.0.0.tgz#2c2bb7ae69ca1ac6ced09ba28dcb78523c810414"
    integrity sha1-LCu3rmnKGsbO0Juijct4UjyBBBQ=
    dependencies:
      etag "^1.8.1"
  
  notp@^2.0.3:
    version "2.0.3"
    resolved "https://registry.npm.taobao.org/notp/download/notp-2.0.3.tgz#a9fd11e25cfe1ccb39fc6689544ee4c10ef9a577"
    integrity sha1-qf0R4lz+HMs5/GaJVE7kwQ75pXc=
