Arguments: 
  C:\Program Files\nodejs\node.exe E:\WebTools\Yarn\bin\yarn.js add antd babel-plugin-import

PATH: 
  E:\WebStudying\practiceProject\dva-demo\node_modules\.bin;E:\JDK_11.0.1\bin\;C:\Program Files (x86)\Common Files\Oracle\Java\javapath;C:\Python\Scripts\;C:\Python\;C:\Windows\system32;C:\Windows;C:\Windows\System32\Wbem;C:\Windows\System32\WindowsPowerShell\v1.0\;C:\Windows\System32\OpenSSH\;E:\Program Files\runtime\win64;E:\Program Files\bin;E:\Program Files\polyspace\bin;C:\Program Files\NVIDIA Corporation\NVIDIA NvDLISR;C:\Program Files (x86)\NVIDIA Corporation\PhysX\Common;E:\WebTools\Git\cmd;C:\WINDOWS\system32;C:\WINDOWS;C:\WINDOWS\System32\Wbem;C:\WINDOWS\System32\WindowsPowerShell\v1.0\;C:\WINDOWS\System32\OpenSSH\;E:\WebTools\Yarn\bin\;C:\Users\HASEE\.windows-build-tools\;E:\WebTools\nvm;C:\Program Files\nodejs;C:\Users\HASEE\AppData\Local\Microsoft\WindowsApps;E:\WebTools\MongoDB\bin;E:\WebTools\WebStorm 2018.3\bin;C:\Users\HASEE\AppData\Local\Programs\Microsoft VS Code\bin;C:\Users\HASEE\AppData\Local\Yarn\bin;C:\Users\HASEE\AppData\Roaming\npm;E:\WebTools\nvm;C:\Program Files\nodejs;E:\WebTools\nvm;C:\Program Files\nodejs;C:\Python27\;C:\Users\HASEE\AppData\Local\Microsoft\WindowsApps;E:\WebTools\MongoDB\bin;E:\WebTools\WebStorm 2018.3\bin;;C:\Users\HASEE\AppData\Local\Programs\Microsoft VS Code\bin;C:\Users\HASEE\AppData\Local\Yarn\bin;C:\Users\HASEE\AppData\Roaming\npm;E:\WebTools\nvm;C:\Program Files\nodejs

Yarn version: 
  1.19.1

Node version: 
  12.13.0

Platform: 
  win32 x64

Trace: 
  Error: ENOENT: no such file or directory, copyfile 'C:\Users\HASEE\AppData\Local\Yarn\Cache\v6\npm-pify-4.0.1-4b2cd25c50d598735c50292224fd8c6df41e3231-integrity\node_modules\pify\index.js' -> 'E:\WebStudying\practiceProject\dva-demo\node_modules\af-webpack\node_modules\pify\index.js'

npm manifest: 
  {
    "private": true,
    "scripts": {
      "start": "roadhog server",
      "build": "roadhog build",
      "lint": "eslint --ext .js src test",
      "precommit": "npm run lint"
    },
    "dependencies": {
      "dva": "^2.4.1",
      "react": "^16.2.0",
      "react-dom": "^16.2.0"
    },
    "devDependencies": {
      "babel-plugin-dva-hmr": "^0.3.2",
      "eslint": "^4.14.0",
      "eslint-config-umi": "^0.1.1",
      "eslint-plugin-flowtype": "^2.34.1",
      "eslint-plugin-import": "^2.6.0",
      "eslint-plugin-jsx-a11y": "^5.1.1",
      "eslint-plugin-react": "^7.1.0",
      "husky": "^0.12.0",
      "redbox-react": "^1.4.3",
      "roadhog": "^2.5.0-beta.4"
    }
  }

yarn manifest: 
  No manifest

Lockfile: 
  No lockfile
